#
# A fatal error has been detected by the Java Runtime Environment:
#
#  Internal Error (javaClasses.cpp:136), pid=7132, tid=7184
#  fatal error: Invalid layout of preloaded class
#
# JRE version:  (7.0_45-b18) (build )
# Java VM: Java HotSpot(TM) Client VM (24.45-b08 mixed mode windows-x86 )
# Failed to write core dump. Minidumps are not enabled by default on client versions of Windows
#
# If you would like to submit a bug report, please visit:
#   http://bugreport.sun.com/bugreport/crash.jsp
#

---------------  T H R E A D  ---------------

Current thread (0x0214c000):  JavaThread "Unknown thread" [_thread_in_vm, id=7184, stack(0x02220000,0x02270000)]

Stack: [0x02220000,0x02270000],  sp=0x0226f948,  free space=318k
Native frames: (J=compiled Java code, j=interpreted, Vv=VM code, C=native code)
V  [jvm.dll+0x18df51]
V  [jvm.dll+0x187cc6]
V  [jvm.dll+0x3586a]
V  [jvm.dll+0x358f6]
V  [jvm.dll+0x4400d]
V  [jvm.dll+0x442be]
V  [jvm.dll+0x9263a]
V  [jvm.dll+0x929eb]
V  [jvm.dll+0x13daf1]
V  [jvm.dll+0x1605fc]
V  [jvm.dll+0xc8ebf]
C  [javaw.exe+0x13ce]
C  [javaw.exe+0x1e40]
C  [javaw.exe+0xa5b1]
C  [javaw.exe+0xa63b]
C  [kernel32.dll+0x1338a]
C  [ntdll.dll+0x39f72]
C  [ntdll.dll+0x39f45]


---------------  P R O C E S S  ---------------

Java Threads: ( => current thread )

Other Threads:

=>0x0214c000 (exited) JavaThread "Unknown thread" [_thread_in_vm, id=7184, stack(0x02220000,0x02270000)]

VM state:not at safepoint (not fully initialized)

VM Mutex/Monitor currently owned by a thread: None

GC Heap History (0 events):
No events

Deoptimization events (0 events):
No events

Internal exceptions (0 events):
No events

Events (10 events):
Event: 0.015 loading class 0x0040a380 done
Event: 0.015 loading class 0x00409e10 done
Event: 0.015 loading class 0x00409df0
Event: 0.015 loading class 0x00411128
Event: 0.030 loading class 0x00411128 done
Event: 0.030 loading class 0x00411158
Event: 0.031 loading class 0x00411158 done
Event: 0.031 loading class 0x00411188
Event: 0.031 loading class 0x00411188 done
Event: 0.031 loading class 0x00409df0 done


Dynamic libraries:
0x00830000 - 0x0085f000 	C:\Program Files (x86)\Java\jre7\bin\javaw.exe
0x77500000 - 0x77680000 	C:\Windows\SysWOW64\ntdll.dll
0x75120000 - 0x75230000 	C:\Windows\syswow64\kernel32.dll
0x75860000 - 0x758a7000 	C:\Windows\syswow64\KERNELBASE.dll
0x74f20000 - 0x74fc0000 	C:\Windows\syswow64\ADVAPI32.dll
0x756d0000 - 0x7577c000 	C:\Windows\syswow64\msvcrt.dll
0x769a0000 - 0x769b9000 	C:\Windows\SysWOW64\sechost.dll
0x758e0000 - 0x759d0000 	C:\Windows\syswow64\RPCRT4.dll
0x74be0000 - 0x74c40000 	C:\Windows\syswow64\SspiCli.dll
0x74bd0000 - 0x74bdc000 	C:\Windows\syswow64\CRYPTBASE.dll
0x76b40000 - 0x76c40000 	C:\Windows\syswow64\USER32.dll
0x74ff0000 - 0x75080000 	C:\Windows\syswow64\GDI32.dll
0x75a30000 - 0x75a3a000 	C:\Windows\syswow64\LPK.dll
0x75080000 - 0x7511d000 	C:\Windows\syswow64\USP10.dll
0x73dd0000 - 0x73f6e000 	C:\Windows\WinSxS\x86_microsoft.windows.common-controls_6595b64144ccf1df_6.0.7601.17514_none_41e6975e2bd6f2b2\COMCTL32.dll
0x75480000 - 0x754d7000 	C:\Windows\syswow64\SHLWAPI.dll
0x759d0000 - 0x75a30000 	C:\Windows\system32\IMM32.DLL
0x75790000 - 0x7585c000 	C:\Windows\syswow64\MSCTF.dll
0x60d20000 - 0x60ddf000 	C:\Program Files (x86)\Java\jre7\bin\msvcr100.dll
0x50890000 - 0x50c10000 	C:\Program Files (x86)\Java\jre7\bin\client\jvm.dll
0x745d0000 - 0x745d7000 	C:\Windows\system32\WSOCK32.dll
0x74ee0000 - 0x74f15000 	C:\Windows\syswow64\WS2_32.dll
0x774d0000 - 0x774d6000 	C:\Windows\syswow64\NSI.dll
0x6fbe0000 - 0x6fc12000 	C:\Windows\system32\WINMM.dll
0x75780000 - 0x75785000 	C:\Windows\syswow64\PSAPI.DLL
0x58fe0000 - 0x58fec000 	C:\Program Files (x86)\Java\jre7\bin\verify.dll
0x58fc0000 - 0x58fe0000 	C:\Program Files (x86)\Java\jre7\bin\java.dll
0x58fa0000 - 0x58fb3000 	C:\Program Files (x86)\Java\jre7\bin\zip.dll
0x70c30000 - 0x70d1b000 	C:\Windows\system32\dbghelp.dll

VM Arguments:
jvm_args: -Dfile.encoding=Cp1250 -Xbootclasspath/p:C:\Users\senozetnik\Downloads\adt-bundle-windows-x86-20140702\sdk\platforms\android-20\android.jar 
java_command: main.Main
Launcher Type: SUN_STANDARD

Environment Variables:
PATH=C:/Program Files (x86)/Java/jre7/bin/client;C:/Program Files (x86)/Java/jre7/bin;C:/Program Files (x86)/Java/jre7/lib/i386;C:\Windows\system32;C:\Windows;C:\Windows\System32\Wbem;C:\Windows\System32\WindowsPowerShell\v1.0\;C:\Program Files\TortoiseSVN\bin;C:\Users\senozetnik\Downloads\adt-bundle-windows-x86-20140702\eclipse;
USERNAME=senozetnik
OS=Windows_NT
PROCESSOR_IDENTIFIER=Intel64 Family 6 Model 42 Stepping 7, GenuineIntel



---------------  S Y S T E M  ---------------

OS: Windows 7 , 64 bit Build 7601 Service Pack 1

CPU:total 4 (4 cores per cpu, 1 threads per core) family 6 model 42 stepping 7, cmov, cx8, fxsr, mmx, sse, sse2, sse3, ssse3, sse4.1, sse4.2, popcnt, avx, aes, tsc, tscinvbit

Memory: 4k page, physical 4014404k(741836k free), swap 6109692k(743220k free)

vm_info: Java HotSpot(TM) Client VM (24.45-b08) for windows-x86 JRE (1.7.0_45-b18), built on Oct  8 2013 06:02:43 by "java_re" with unknown MS VC++:1600

time: Fri Jul 18 09:02:12 2014
elapsed time: 0 seconds

